<?xml version="1.0" encoding="UTF-8"?>
<testng-results skipped="0" failed="0" ignored="0" total="1" passed="1">
  <reporter-output>
  </reporter-output>
  <suite name="Suite" duration-ms="56564" started-at="2020-10-27T17:42:25Z" finished-at="2020-10-27T17:43:22Z">
    <groups>
    </groups>
    <test name="Test" duration-ms="56564" started-at="2020-10-27T17:42:25Z" finished-at="2020-10-27T17:43:22Z">
      <class name="practise.AppiumFramework.Ecommerce_tc_4">
        <test-method status="PASS" signature="killAllNodes()[pri:0, instance:practise.AppiumFramework.Ecommerce_tc_4@7fac631b]" name="killAllNodes" is-config="true" duration-ms="3052" started-at="2020-10-27T17:42:25Z" finished-at="2020-10-27T17:42:28Z">
          <reporter-output>
          </reporter-output>
        </test-method> <!-- killAllNodes -->
        <test-method status="PASS" signature="totalValidation()[pri:0, instance:practise.AppiumFramework.Ecommerce_tc_4@7fac631b]" name="totalValidation" duration-ms="53472" started-at="2020-10-27T17:42:29Z" finished-at="2020-10-27T17:43:22Z">
          <reporter-output>
          </reporter-output>
        </test-method> <!-- totalValidation -->
      </class> <!-- practise.AppiumFramework.Ecommerce_tc_4 -->
    </test> <!-- Test -->
  </suite> <!-- Suite -->
</testng-results>
